[main] ERROR org.streamreasoning.rsp4j.yasper.querying.operators.windowing.CQELSStreamToRelationOp  - OUT OF ORDER NOT HANDLED
[main] ERROR org.streamreasoning.rsp4j.yasper.querying.operators.windowing.CQELSStreamToRelationOp  - OUT OF ORDER NOT HANDLED
[main] ERROR org.streamreasoning.rsp4j.yasper.querying.operators.windowing.CQELSStreamToRelationOp  - OUT OF ORDER NOT HANDLED
[main] ERROR org.streamreasoning.rsp4j.yasper.querying.operators.windowing.CQELSStreamToRelationOp  - OUT OF ORDER NOT HANDLED
[main] ERROR org.streamreasoning.rsp4j.yasper.querying.operators.windowing.CQELSStreamToRelationOp  - OUT OF ORDER NOT HANDLED
[main] ERROR org.streamreasoning.rsp4j.yasper.querying.operators.windowing.CQELSStreamToRelationOp  - OUT OF ORDER NOT HANDLED
[main] ERROR org.streamreasoning.rsp4j.yasper.querying.operators.windowing.CQELSStreamToRelationOp  - OUT OF ORDER NOT HANDLED
[main] ERROR org.streamreasoning.rsp4j.yasper.querying.operators.windowing.CQELSStreamToRelationOp  - OUT OF ORDER NOT HANDLED
[main] ERROR org.streamreasoning.rsp4j.yasper.querying.operators.windowing.CQELSStreamToRelationOp  - OUT OF ORDER NOT HANDLED
[main] ERROR org.streamreasoning.rsp4j.yasper.querying.operators.windowing.CQELSStreamToRelationOp  - OUT OF ORDER NOT HANDLED
[main] ERROR org.streamreasoning.rsp4j.yasper.querying.operators.windowing.CQELSStreamToRelationOp  - OUT OF ORDER NOT HANDLED
[main] ERROR org.streamreasoning.rsp4j.yasper.querying.operators.windowing.CQELSStreamToRelationOp  - OUT OF ORDER NOT HANDLED
[main] ERROR org.streamreasoning.rsp4j.yasper.querying.operators.windowing.CQELSStreamToRelationOp  - OUT OF ORDER NOT HANDLED
[main] ERROR org.streamreasoning.rsp4j.yasper.querying.operators.windowing.CQELSStreamToRelationOp  - OUT OF ORDER NOT HANDLED
[main] DEBUG org.streamreasoning.rsp4j.api.engine.config.EngineConfiguration  - FileName set to /Users/rictomm/_Projects/rsp4j/yasper/target/classes/csparql.properties
[main] DEBUG org.apache.commons.configuration.ConfigurationUtils  - ConfigurationUtils.locate(): base is null, name is /Users/rictomm/_Projects/rsp4j/yasper/target/classes/csparql.properties
[main] DEBUG org.apache.commons.configuration.DefaultFileSystem  - Could not locate file /Users/rictomm/_Projects/rsp4j/yasper/target/classes/csparql.properties at null: no protocol: /Users/rictomm/_Projects/rsp4j/yasper/target/classes/csparql.properties
[main] DEBUG org.apache.commons.configuration.ConfigurationUtils  - Loading configuration from the absolute path /Users/rictomm/_Projects/rsp4j/yasper/target/classes/csparql.properties
[main] DEBUG org.streamreasoning.rsp4j.api.engine.config.EngineConfiguration  - Base path set to file:///Users/rictomm/_Projects/rsp4j/yasper/target/classes/csparql.properties
[main] DEBUG org.streamreasoning.rsp4j.yasper.querying.operators.windowing.CSPARQLStreamToRelationOp  - Received element (<S1> <p> <O1> .,1000)
[main] DEBUG org.streamreasoning.rsp4j.yasper.querying.operators.windowing.CSPARQLStreamToRelationOp  - Calculating the Windows to Open. First one opens at [0] and closes at [2000]
[main] DEBUG org.streamreasoning.rsp4j.yasper.querying.operators.windowing.CSPARQLStreamToRelationOp  - Computing Window [0,2000) if absent
[main] DEBUG org.streamreasoning.rsp4j.yasper.querying.operators.windowing.CSPARQLStreamToRelationOp  - Processing Window [0,2000) for element (<S1> <p> <O1> .,1000)
[main] DEBUG org.streamreasoning.rsp4j.yasper.querying.operators.windowing.CSPARQLStreamToRelationOp  - Adding element [<S1> <p> <O1> .] to Window [0,2000)
[main] DEBUG org.streamreasoning.rsp4j.yasper.querying.operators.windowing.CSPARQLStreamToRelationOp  - Received element (<S2> <p> <O2> .,1999)
[main] DEBUG org.streamreasoning.rsp4j.yasper.querying.operators.windowing.CSPARQLStreamToRelationOp  - Calculating the Windows to Open. First one opens at [0] and closes at [2000]
[main] DEBUG org.streamreasoning.rsp4j.yasper.querying.operators.windowing.CSPARQLStreamToRelationOp  - Computing Window [0,2000) if absent
[main] DEBUG org.streamreasoning.rsp4j.yasper.querying.operators.windowing.CSPARQLStreamToRelationOp  - Processing Window [0,2000) for element (<S2> <p> <O2> .,1999)
[main] DEBUG org.streamreasoning.rsp4j.yasper.querying.operators.windowing.CSPARQLStreamToRelationOp  - Adding element [<S2> <p> <O2> .] to Window [0,2000)
[main] DEBUG org.streamreasoning.rsp4j.yasper.querying.operators.windowing.CSPARQLStreamToRelationOp  - Received element (<S3> <p> <O3> .,2001)
[main] DEBUG org.streamreasoning.rsp4j.yasper.querying.operators.windowing.CSPARQLStreamToRelationOp  - Calculating the Windows to Open. First one opens at [2000] and closes at [4000]
[main] DEBUG org.streamreasoning.rsp4j.yasper.querying.operators.windowing.CSPARQLStreamToRelationOp  - Computing Window [2000,4000) if absent
[main] DEBUG org.streamreasoning.rsp4j.yasper.querying.operators.windowing.CSPARQLStreamToRelationOp  - Processing Window [0,2000) for element (<S3> <p> <O3> .,2001)
[main] DEBUG org.streamreasoning.rsp4j.yasper.querying.operators.windowing.CSPARQLStreamToRelationOp  - Scheduling for Eviction [0,2000)
[main] DEBUG org.streamreasoning.rsp4j.yasper.querying.operators.windowing.CSPARQLStreamToRelationOp  - Processing Window [2000,4000) for element (<S3> <p> <O3> .,2001)
[main] DEBUG org.streamreasoning.rsp4j.yasper.querying.operators.windowing.CSPARQLStreamToRelationOp  - Adding element [<S3> <p> <O3> .] to Window [2000,4000)
[main] DEBUG org.streamreasoning.rsp4j.api.operators.s2r.execution.assigner.ObservableStreamToRelationOp  - Report [0,2000) with Content [<S2> <p> <O2> ., <S1> <p> <O1> .]
[main] DEBUG org.streamreasoning.rsp4j.yasper.querying.operators.windowing.CSPARQLStreamToRelationOp  - Evicting [0,2000)
[main] DEBUG org.streamreasoning.rsp4j.yasper.querying.operators.windowing.CSPARQLStreamToRelationOp  - Received element (<S4> <p> <O4> .,3000)
[main] DEBUG org.streamreasoning.rsp4j.yasper.querying.operators.windowing.CSPARQLStreamToRelationOp  - Calculating the Windows to Open. First one opens at [2000] and closes at [4000]
[main] DEBUG org.streamreasoning.rsp4j.yasper.querying.operators.windowing.CSPARQLStreamToRelationOp  - Computing Window [2000,4000) if absent
[main] DEBUG org.streamreasoning.rsp4j.yasper.querying.operators.windowing.CSPARQLStreamToRelationOp  - Processing Window [2000,4000) for element (<S4> <p> <O4> .,3000)
[main] DEBUG org.streamreasoning.rsp4j.yasper.querying.operators.windowing.CSPARQLStreamToRelationOp  - Adding element [<S4> <p> <O4> .] to Window [2000,4000)
[main] DEBUG org.streamreasoning.rsp4j.yasper.querying.operators.windowing.CSPARQLStreamToRelationOp  - Received element (<S5> <p> <O5> .,5000)
[main] DEBUG org.streamreasoning.rsp4j.yasper.querying.operators.windowing.CSPARQLStreamToRelationOp  - Calculating the Windows to Open. First one opens at [4000] and closes at [6000]
[main] DEBUG org.streamreasoning.rsp4j.yasper.querying.operators.windowing.CSPARQLStreamToRelationOp  - Computing Window [4000,6000) if absent
[main] DEBUG org.streamreasoning.rsp4j.yasper.querying.operators.windowing.CSPARQLStreamToRelationOp  - Processing Window [2000,4000) for element (<S5> <p> <O5> .,5000)
[main] DEBUG org.streamreasoning.rsp4j.yasper.querying.operators.windowing.CSPARQLStreamToRelationOp  - Scheduling for Eviction [2000,4000)
[main] DEBUG org.streamreasoning.rsp4j.yasper.querying.operators.windowing.CSPARQLStreamToRelationOp  - Processing Window [4000,6000) for element (<S5> <p> <O5> .,5000)
[main] DEBUG org.streamreasoning.rsp4j.yasper.querying.operators.windowing.CSPARQLStreamToRelationOp  - Adding element [<S5> <p> <O5> .] to Window [4000,6000)
[main] DEBUG org.streamreasoning.rsp4j.api.operators.s2r.execution.assigner.ObservableStreamToRelationOp  - Report [2000,4000) with Content [<S4> <p> <O4> ., <S3> <p> <O3> .]
[main] DEBUG org.streamreasoning.rsp4j.yasper.querying.operators.windowing.CSPARQLStreamToRelationOp  - Evicting [2000,4000)
[main] DEBUG org.streamreasoning.rsp4j.yasper.querying.operators.windowing.CSPARQLStreamToRelationOp  - Received element (<S6> <p> <O6> .,5000)
[main] DEBUG org.streamreasoning.rsp4j.yasper.querying.operators.windowing.CSPARQLStreamToRelationOp  - Calculating the Windows to Open. First one opens at [4000] and closes at [6000]
[main] DEBUG org.streamreasoning.rsp4j.yasper.querying.operators.windowing.CSPARQLStreamToRelationOp  - Computing Window [4000,6000) if absent
[main] DEBUG org.streamreasoning.rsp4j.yasper.querying.operators.windowing.CSPARQLStreamToRelationOp  - Processing Window [4000,6000) for element (<S6> <p> <O6> .,5000)
[main] DEBUG org.streamreasoning.rsp4j.yasper.querying.operators.windowing.CSPARQLStreamToRelationOp  - Adding element [<S6> <p> <O6> .] to Window [4000,6000)
[main] DEBUG org.streamreasoning.rsp4j.yasper.querying.operators.windowing.CSPARQLStreamToRelationOp  - Received element (<S6> <p> <O6> .,6000)
[main] DEBUG org.streamreasoning.rsp4j.yasper.querying.operators.windowing.CSPARQLStreamToRelationOp  - Calculating the Windows to Open. First one opens at [4000] and closes at [6000]
[main] DEBUG org.streamreasoning.rsp4j.yasper.querying.operators.windowing.CSPARQLStreamToRelationOp  - Computing Window [4000,6000) if absent
[main] DEBUG org.streamreasoning.rsp4j.yasper.querying.operators.windowing.CSPARQLStreamToRelationOp  - Computing Window [6000,8000) if absent
[main] DEBUG org.streamreasoning.rsp4j.yasper.querying.operators.windowing.CSPARQLStreamToRelationOp  - Processing Window [4000,6000) for element (<S6> <p> <O6> .,6000)
[main] DEBUG org.streamreasoning.rsp4j.yasper.querying.operators.windowing.CSPARQLStreamToRelationOp  - Processing Window [6000,8000) for element (<S6> <p> <O6> .,6000)
[main] DEBUG org.streamreasoning.rsp4j.yasper.querying.operators.windowing.CSPARQLStreamToRelationOp  - Adding element [<S6> <p> <O6> .] to Window [6000,8000)
[main] DEBUG org.streamreasoning.rsp4j.yasper.querying.operators.windowing.CSPARQLStreamToRelationOp  - Received element (<S7> <p> <O7> .,7000)
[main] DEBUG org.streamreasoning.rsp4j.yasper.querying.operators.windowing.CSPARQLStreamToRelationOp  - Calculating the Windows to Open. First one opens at [6000] and closes at [8000]
[main] DEBUG org.streamreasoning.rsp4j.yasper.querying.operators.windowing.CSPARQLStreamToRelationOp  - Computing Window [6000,8000) if absent
[main] DEBUG org.streamreasoning.rsp4j.yasper.querying.operators.windowing.CSPARQLStreamToRelationOp  - Processing Window [4000,6000) for element (<S7> <p> <O7> .,7000)
[main] DEBUG org.streamreasoning.rsp4j.yasper.querying.operators.windowing.CSPARQLStreamToRelationOp  - Scheduling for Eviction [4000,6000)
[main] DEBUG org.streamreasoning.rsp4j.yasper.querying.operators.windowing.CSPARQLStreamToRelationOp  - Processing Window [6000,8000) for element (<S7> <p> <O7> .,7000)
[main] DEBUG org.streamreasoning.rsp4j.yasper.querying.operators.windowing.CSPARQLStreamToRelationOp  - Adding element [<S7> <p> <O7> .] to Window [6000,8000)
[main] DEBUG org.streamreasoning.rsp4j.api.operators.s2r.execution.assigner.ObservableStreamToRelationOp  - Report [4000,6000) with Content [<S5> <p> <O5> ., <S6> <p> <O6> .]
[main] DEBUG org.streamreasoning.rsp4j.yasper.querying.operators.windowing.CSPARQLStreamToRelationOp  - Evicting [4000,6000)
[main] DEBUG org.streamreasoning.rsp4j.api.engine.config.EngineConfiguration  - FileName set to /Users/rictomm/_Projects/rsp4j/yasper/target/classes/csparql.properties
[main] DEBUG org.apache.commons.configuration.ConfigurationUtils  - ConfigurationUtils.locate(): base is null, name is /Users/rictomm/_Projects/rsp4j/yasper/target/classes/csparql.properties
[main] DEBUG org.apache.commons.configuration.DefaultFileSystem  - Could not locate file /Users/rictomm/_Projects/rsp4j/yasper/target/classes/csparql.properties at null: no protocol: /Users/rictomm/_Projects/rsp4j/yasper/target/classes/csparql.properties
[main] DEBUG org.apache.commons.configuration.ConfigurationUtils  - Loading configuration from the absolute path /Users/rictomm/_Projects/rsp4j/yasper/target/classes/csparql.properties
[main] DEBUG org.streamreasoning.rsp4j.api.engine.config.EngineConfiguration  - Base path set to file:///Users/rictomm/_Projects/rsp4j/yasper/target/classes/csparql.properties
[main] DEBUG org.streamreasoning.rsp4j.yasper.querying.operators.windowing.CSPARQLStreamToRelationOp  - Received element (<S1> <p> <O1> .,1000)
[main] DEBUG org.streamreasoning.rsp4j.yasper.querying.operators.windowing.CSPARQLStreamToRelationOp  - Calculating the Windows to Open. First one opens at [0] and closes at [2000]
[main] DEBUG org.streamreasoning.rsp4j.yasper.querying.operators.windowing.CSPARQLStreamToRelationOp  - Computing Window [0,2000) if absent
[main] DEBUG org.streamreasoning.rsp4j.yasper.querying.operators.windowing.CSPARQLStreamToRelationOp  - Processing Window [0,2000) for element (<S1> <p> <O1> .,1000)
[main] DEBUG org.streamreasoning.rsp4j.yasper.querying.operators.windowing.CSPARQLStreamToRelationOp  - Adding element [<S1> <p> <O1> .] to Window [0,2000)
[main] DEBUG org.streamreasoning.rsp4j.yasper.querying.operators.windowing.CSPARQLStreamToRelationOp  - Received element (<S2> <p> <O2> .,1500)
[main] DEBUG org.streamreasoning.rsp4j.yasper.querying.operators.windowing.CSPARQLStreamToRelationOp  - Calculating the Windows to Open. First one opens at [0] and closes at [2000]
[main] DEBUG org.streamreasoning.rsp4j.yasper.querying.operators.windowing.CSPARQLStreamToRelationOp  - Computing Window [0,2000) if absent
[main] DEBUG org.streamreasoning.rsp4j.yasper.querying.operators.windowing.CSPARQLStreamToRelationOp  - Processing Window [0,2000) for element (<S2> <p> <O2> .,1500)
[main] DEBUG org.streamreasoning.rsp4j.yasper.querying.operators.windowing.CSPARQLStreamToRelationOp  - Adding element [<S2> <p> <O2> .] to Window [0,2000)
[main] DEBUG org.streamreasoning.rsp4j.yasper.querying.operators.windowing.CSPARQLStreamToRelationOp  - Received element (<S2> <p> <O2> .,2001)
[main] DEBUG org.streamreasoning.rsp4j.yasper.querying.operators.windowing.CSPARQLStreamToRelationOp  - Calculating the Windows to Open. First one opens at [2000] and closes at [4000]
[main] DEBUG org.streamreasoning.rsp4j.yasper.querying.operators.windowing.CSPARQLStreamToRelationOp  - Computing Window [2000,4000) if absent
[main] DEBUG org.streamreasoning.rsp4j.yasper.querying.operators.windowing.CSPARQLStreamToRelationOp  - Processing Window [0,2000) for element (<S2> <p> <O2> .,2001)
[main] DEBUG org.streamreasoning.rsp4j.yasper.querying.operators.windowing.CSPARQLStreamToRelationOp  - Scheduling for Eviction [0,2000)
[main] DEBUG org.streamreasoning.rsp4j.yasper.querying.operators.windowing.CSPARQLStreamToRelationOp  - Processing Window [2000,4000) for element (<S2> <p> <O2> .,2001)
[main] DEBUG org.streamreasoning.rsp4j.yasper.querying.operators.windowing.CSPARQLStreamToRelationOp  - Adding element [<S2> <p> <O2> .] to Window [2000,4000)
[main] DEBUG org.streamreasoning.rsp4j.api.operators.s2r.execution.assigner.ObservableStreamToRelationOp  - Report [0,2000) with Content [<S2> <p> <O2> ., <S1> <p> <O1> .]
[main] DEBUG org.streamreasoning.rsp4j.yasper.querying.operators.windowing.CSPARQLStreamToRelationOp  - Evicting [0,2000)
[main] DEBUG org.streamreasoning.rsp4j.yasper.querying.operators.windowing.CSPARQLStreamToRelationOp  - Received element (<S3> <p> <O3> .,3000)
[main] DEBUG org.streamreasoning.rsp4j.yasper.querying.operators.windowing.CSPARQLStreamToRelationOp  - Calculating the Windows to Open. First one opens at [2000] and closes at [4000]
[main] DEBUG org.streamreasoning.rsp4j.yasper.querying.operators.windowing.CSPARQLStreamToRelationOp  - Computing Window [2000,4000) if absent
[main] DEBUG org.streamreasoning.rsp4j.yasper.querying.operators.windowing.CSPARQLStreamToRelationOp  - Processing Window [2000,4000) for element (<S3> <p> <O3> .,3000)
[main] DEBUG org.streamreasoning.rsp4j.yasper.querying.operators.windowing.CSPARQLStreamToRelationOp  - Adding element [<S3> <p> <O3> .] to Window [2000,4000)
[main] DEBUG org.streamreasoning.rsp4j.yasper.querying.operators.windowing.CSPARQLStreamToRelationOp  - Received element (<S5> <p> <O5> .,5000)
[main] DEBUG org.streamreasoning.rsp4j.yasper.querying.operators.windowing.CSPARQLStreamToRelationOp  - Calculating the Windows to Open. First one opens at [4000] and closes at [6000]
[main] DEBUG org.streamreasoning.rsp4j.yasper.querying.operators.windowing.CSPARQLStreamToRelationOp  - Computing Window [4000,6000) if absent
[main] DEBUG org.streamreasoning.rsp4j.yasper.querying.operators.windowing.CSPARQLStreamToRelationOp  - Processing Window [2000,4000) for element (<S5> <p> <O5> .,5000)
[main] DEBUG org.streamreasoning.rsp4j.yasper.querying.operators.windowing.CSPARQLStreamToRelationOp  - Scheduling for Eviction [2000,4000)
[main] DEBUG org.streamreasoning.rsp4j.yasper.querying.operators.windowing.CSPARQLStreamToRelationOp  - Processing Window [4000,6000) for element (<S5> <p> <O5> .,5000)
[main] DEBUG org.streamreasoning.rsp4j.yasper.querying.operators.windowing.CSPARQLStreamToRelationOp  - Adding element [<S5> <p> <O5> .] to Window [4000,6000)
[main] DEBUG org.streamreasoning.rsp4j.api.operators.s2r.execution.assigner.ObservableStreamToRelationOp  - Report [2000,4000) with Content [<S3> <p> <O3> ., <S2> <p> <O2> .]
[main] DEBUG org.streamreasoning.rsp4j.yasper.querying.operators.windowing.CSPARQLStreamToRelationOp  - Evicting [2000,4000)
[main] DEBUG org.streamreasoning.rsp4j.yasper.querying.operators.windowing.CSPARQLStreamToRelationOp  - Received element (<S6> <p> <O6> .,5000)
[main] DEBUG org.streamreasoning.rsp4j.yasper.querying.operators.windowing.CSPARQLStreamToRelationOp  - Calculating the Windows to Open. First one opens at [4000] and closes at [6000]
[main] DEBUG org.streamreasoning.rsp4j.yasper.querying.operators.windowing.CSPARQLStreamToRelationOp  - Computing Window [4000,6000) if absent
[main] DEBUG org.streamreasoning.rsp4j.yasper.querying.operators.windowing.CSPARQLStreamToRelationOp  - Processing Window [4000,6000) for element (<S6> <p> <O6> .,5000)
[main] DEBUG org.streamreasoning.rsp4j.yasper.querying.operators.windowing.CSPARQLStreamToRelationOp  - Adding element [<S6> <p> <O6> .] to Window [4000,6000)
[main] DEBUG org.streamreasoning.rsp4j.yasper.querying.operators.windowing.CSPARQLStreamToRelationOp  - Received element (<S6> <p> <O6> .,6000)
[main] DEBUG org.streamreasoning.rsp4j.yasper.querying.operators.windowing.CSPARQLStreamToRelationOp  - Calculating the Windows to Open. First one opens at [4000] and closes at [6000]
[main] DEBUG org.streamreasoning.rsp4j.yasper.querying.operators.windowing.CSPARQLStreamToRelationOp  - Computing Window [4000,6000) if absent
[main] DEBUG org.streamreasoning.rsp4j.yasper.querying.operators.windowing.CSPARQLStreamToRelationOp  - Computing Window [6000,8000) if absent
[main] DEBUG org.streamreasoning.rsp4j.yasper.querying.operators.windowing.CSPARQLStreamToRelationOp  - Processing Window [4000,6000) for element (<S6> <p> <O6> .,6000)
[main] DEBUG org.streamreasoning.rsp4j.yasper.querying.operators.windowing.CSPARQLStreamToRelationOp  - Processing Window [6000,8000) for element (<S6> <p> <O6> .,6000)
[main] DEBUG org.streamreasoning.rsp4j.yasper.querying.operators.windowing.CSPARQLStreamToRelationOp  - Adding element [<S6> <p> <O6> .] to Window [6000,8000)
[main] DEBUG org.streamreasoning.rsp4j.yasper.querying.operators.windowing.CSPARQLStreamToRelationOp  - Received element (<S7> <p> <O7> .,7000)
[main] DEBUG org.streamreasoning.rsp4j.yasper.querying.operators.windowing.CSPARQLStreamToRelationOp  - Calculating the Windows to Open. First one opens at [6000] and closes at [8000]
[main] DEBUG org.streamreasoning.rsp4j.yasper.querying.operators.windowing.CSPARQLStreamToRelationOp  - Computing Window [6000,8000) if absent
[main] DEBUG org.streamreasoning.rsp4j.yasper.querying.operators.windowing.CSPARQLStreamToRelationOp  - Processing Window [4000,6000) for element (<S7> <p> <O7> .,7000)
[main] DEBUG org.streamreasoning.rsp4j.yasper.querying.operators.windowing.CSPARQLStreamToRelationOp  - Scheduling for Eviction [4000,6000)
[main] DEBUG org.streamreasoning.rsp4j.yasper.querying.operators.windowing.CSPARQLStreamToRelationOp  - Processing Window [6000,8000) for element (<S7> <p> <O7> .,7000)
[main] DEBUG org.streamreasoning.rsp4j.yasper.querying.operators.windowing.CSPARQLStreamToRelationOp  - Adding element [<S7> <p> <O7> .] to Window [6000,8000)
[main] DEBUG org.streamreasoning.rsp4j.api.operators.s2r.execution.assigner.ObservableStreamToRelationOp  - Report [4000,6000) with Content [<S6> <p> <O6> ., <S5> <p> <O5> .]
[main] DEBUG org.streamreasoning.rsp4j.yasper.querying.operators.windowing.CSPARQLStreamToRelationOp  - Evicting [4000,6000)
[main] DEBUG org.streamreasoning.rsp4j.api.engine.config.EngineConfiguration  - FileName set to /Users/rictomm/_Projects/rsp4j/yasper/target/classes/csparql.properties
[main] DEBUG org.apache.commons.configuration.ConfigurationUtils  - ConfigurationUtils.locate(): base is null, name is /Users/rictomm/_Projects/rsp4j/yasper/target/classes/csparql.properties
[main] DEBUG org.apache.commons.configuration.DefaultFileSystem  - Could not locate file /Users/rictomm/_Projects/rsp4j/yasper/target/classes/csparql.properties at null: no protocol: /Users/rictomm/_Projects/rsp4j/yasper/target/classes/csparql.properties
[main] DEBUG org.apache.commons.configuration.ConfigurationUtils  - Loading configuration from the absolute path /Users/rictomm/_Projects/rsp4j/yasper/target/classes/csparql.properties
[main] DEBUG org.streamreasoning.rsp4j.api.engine.config.EngineConfiguration  - Base path set to file:///Users/rictomm/_Projects/rsp4j/yasper/target/classes/csparql.properties
[main] DEBUG org.streamreasoning.rsp4j.yasper.querying.operators.windowing.CSPARQLStreamToRelationOp  - Received element (<S1> <p> <O1> .,1000)
[main] DEBUG org.streamreasoning.rsp4j.yasper.querying.operators.windowing.CSPARQLStreamToRelationOp  - Calculating the Windows to Open. First one opens at [0] and closes at [2000]
[main] DEBUG org.streamreasoning.rsp4j.yasper.querying.operators.windowing.CSPARQLStreamToRelationOp  - Computing Window [0,2000) if absent
[main] DEBUG org.streamreasoning.rsp4j.yasper.querying.operators.windowing.CSPARQLStreamToRelationOp  - Processing Window [0,2000) for element (<S1> <p> <O1> .,1000)
[main] DEBUG org.streamreasoning.rsp4j.yasper.querying.operators.windowing.CSPARQLStreamToRelationOp  - Adding element [<S1> <p> <O1> .] to Window [0,2000)
[main] DEBUG org.streamreasoning.rsp4j.yasper.querying.operators.windowing.CSPARQLStreamToRelationOp  - Received element (<S2> <p> <O2> .,1500)
[main] DEBUG org.streamreasoning.rsp4j.yasper.querying.operators.windowing.CSPARQLStreamToRelationOp  - Calculating the Windows to Open. First one opens at [0] and closes at [2000]
[main] DEBUG org.streamreasoning.rsp4j.yasper.querying.operators.windowing.CSPARQLStreamToRelationOp  - Computing Window [0,2000) if absent
[main] DEBUG org.streamreasoning.rsp4j.yasper.querying.operators.windowing.CSPARQLStreamToRelationOp  - Processing Window [0,2000) for element (<S2> <p> <O2> .,1500)
[main] DEBUG org.streamreasoning.rsp4j.yasper.querying.operators.windowing.CSPARQLStreamToRelationOp  - Adding element [<S2> <p> <O2> .] to Window [0,2000)
[main] DEBUG org.streamreasoning.rsp4j.yasper.querying.operators.windowing.CSPARQLStreamToRelationOp  - Received element (<S2> <p> <O2> .,2001)
[main] DEBUG org.streamreasoning.rsp4j.yasper.querying.operators.windowing.CSPARQLStreamToRelationOp  - Calculating the Windows to Open. First one opens at [2000] and closes at [4000]
[main] DEBUG org.streamreasoning.rsp4j.yasper.querying.operators.windowing.CSPARQLStreamToRelationOp  - Computing Window [2000,4000) if absent
[main] DEBUG org.streamreasoning.rsp4j.yasper.querying.operators.windowing.CSPARQLStreamToRelationOp  - Processing Window [0,2000) for element (<S2> <p> <O2> .,2001)
[main] DEBUG org.streamreasoning.rsp4j.yasper.querying.operators.windowing.CSPARQLStreamToRelationOp  - Scheduling for Eviction [0,2000)
[main] DEBUG org.streamreasoning.rsp4j.yasper.querying.operators.windowing.CSPARQLStreamToRelationOp  - Processing Window [2000,4000) for element (<S2> <p> <O2> .,2001)
[main] DEBUG org.streamreasoning.rsp4j.yasper.querying.operators.windowing.CSPARQLStreamToRelationOp  - Adding element [<S2> <p> <O2> .] to Window [2000,4000)
[main] DEBUG org.streamreasoning.rsp4j.api.operators.s2r.execution.assigner.ObservableStreamToRelationOp  - Report [0,2000) with Content [<S2> <p> <O2> ., <S1> <p> <O1> .]
[main] DEBUG org.streamreasoning.rsp4j.yasper.querying.operators.windowing.CSPARQLStreamToRelationOp  - Evicting [0,2000)
[main] DEBUG org.streamreasoning.rsp4j.yasper.querying.operators.windowing.CSPARQLStreamToRelationOp  - Received element (<S3> <p> <O3> .,3000)
[main] DEBUG org.streamreasoning.rsp4j.yasper.querying.operators.windowing.CSPARQLStreamToRelationOp  - Calculating the Windows to Open. First one opens at [2000] and closes at [4000]
[main] DEBUG org.streamreasoning.rsp4j.yasper.querying.operators.windowing.CSPARQLStreamToRelationOp  - Computing Window [2000,4000) if absent
[main] DEBUG org.streamreasoning.rsp4j.yasper.querying.operators.windowing.CSPARQLStreamToRelationOp  - Processing Window [2000,4000) for element (<S3> <p> <O3> .,3000)
[main] DEBUG org.streamreasoning.rsp4j.yasper.querying.operators.windowing.CSPARQLStreamToRelationOp  - Adding element [<S3> <p> <O3> .] to Window [2000,4000)
[main] DEBUG org.streamreasoning.rsp4j.yasper.querying.operators.windowing.CSPARQLStreamToRelationOp  - Received element (<S5> <p> <O5> .,5000)
[main] DEBUG org.streamreasoning.rsp4j.yasper.querying.operators.windowing.CSPARQLStreamToRelationOp  - Calculating the Windows to Open. First one opens at [4000] and closes at [6000]
[main] DEBUG org.streamreasoning.rsp4j.yasper.querying.operators.windowing.CSPARQLStreamToRelationOp  - Computing Window [4000,6000) if absent
[main] DEBUG org.streamreasoning.rsp4j.yasper.querying.operators.windowing.CSPARQLStreamToRelationOp  - Processing Window [2000,4000) for element (<S5> <p> <O5> .,5000)
[main] DEBUG org.streamreasoning.rsp4j.yasper.querying.operators.windowing.CSPARQLStreamToRelationOp  - Scheduling for Eviction [2000,4000)
[main] DEBUG org.streamreasoning.rsp4j.yasper.querying.operators.windowing.CSPARQLStreamToRelationOp  - Processing Window [4000,6000) for element (<S5> <p> <O5> .,5000)
[main] DEBUG org.streamreasoning.rsp4j.yasper.querying.operators.windowing.CSPARQLStreamToRelationOp  - Adding element [<S5> <p> <O5> .] to Window [4000,6000)
[main] DEBUG org.streamreasoning.rsp4j.api.operators.s2r.execution.assigner.ObservableStreamToRelationOp  - Report [2000,4000) with Content [<S2> <p> <O2> ., <S3> <p> <O3> .]
[main] DEBUG org.streamreasoning.rsp4j.yasper.querying.operators.windowing.CSPARQLStreamToRelationOp  - Evicting [2000,4000)
[main] DEBUG org.streamreasoning.rsp4j.yasper.querying.operators.windowing.CSPARQLStreamToRelationOp  - Received element (<S6> <p> <O6> .,5000)
[main] DEBUG org.streamreasoning.rsp4j.yasper.querying.operators.windowing.CSPARQLStreamToRelationOp  - Calculating the Windows to Open. First one opens at [4000] and closes at [6000]
[main] DEBUG org.streamreasoning.rsp4j.yasper.querying.operators.windowing.CSPARQLStreamToRelationOp  - Computing Window [4000,6000) if absent
[main] DEBUG org.streamreasoning.rsp4j.yasper.querying.operators.windowing.CSPARQLStreamToRelationOp  - Processing Window [4000,6000) for element (<S6> <p> <O6> .,5000)
[main] DEBUG org.streamreasoning.rsp4j.yasper.querying.operators.windowing.CSPARQLStreamToRelationOp  - Adding element [<S6> <p> <O6> .] to Window [4000,6000)
[main] DEBUG org.streamreasoning.rsp4j.yasper.querying.operators.windowing.CSPARQLStreamToRelationOp  - Received element (<S6> <p> <O6> .,6000)
[main] DEBUG org.streamreasoning.rsp4j.yasper.querying.operators.windowing.CSPARQLStreamToRelationOp  - Calculating the Windows to Open. First one opens at [4000] and closes at [6000]
[main] DEBUG org.streamreasoning.rsp4j.yasper.querying.operators.windowing.CSPARQLStreamToRelationOp  - Computing Window [4000,6000) if absent
[main] DEBUG org.streamreasoning.rsp4j.yasper.querying.operators.windowing.CSPARQLStreamToRelationOp  - Computing Window [6000,8000) if absent
[main] DEBUG org.streamreasoning.rsp4j.yasper.querying.operators.windowing.CSPARQLStreamToRelationOp  - Processing Window [4000,6000) for element (<S6> <p> <O6> .,6000)
[main] DEBUG org.streamreasoning.rsp4j.yasper.querying.operators.windowing.CSPARQLStreamToRelationOp  - Processing Window [6000,8000) for element (<S6> <p> <O6> .,6000)
[main] DEBUG org.streamreasoning.rsp4j.yasper.querying.operators.windowing.CSPARQLStreamToRelationOp  - Adding element [<S6> <p> <O6> .] to Window [6000,8000)
[main] DEBUG org.streamreasoning.rsp4j.yasper.querying.operators.windowing.CSPARQLStreamToRelationOp  - Received element (<S7> <p> <O7> .,7000)
[main] DEBUG org.streamreasoning.rsp4j.yasper.querying.operators.windowing.CSPARQLStreamToRelationOp  - Calculating the Windows to Open. First one opens at [6000] and closes at [8000]
[main] DEBUG org.streamreasoning.rsp4j.yasper.querying.operators.windowing.CSPARQLStreamToRelationOp  - Computing Window [6000,8000) if absent
[main] DEBUG org.streamreasoning.rsp4j.yasper.querying.operators.windowing.CSPARQLStreamToRelationOp  - Processing Window [4000,6000) for element (<S7> <p> <O7> .,7000)
[main] DEBUG org.streamreasoning.rsp4j.yasper.querying.operators.windowing.CSPARQLStreamToRelationOp  - Scheduling for Eviction [4000,6000)
[main] DEBUG org.streamreasoning.rsp4j.yasper.querying.operators.windowing.CSPARQLStreamToRelationOp  - Processing Window [6000,8000) for element (<S7> <p> <O7> .,7000)
[main] DEBUG org.streamreasoning.rsp4j.yasper.querying.operators.windowing.CSPARQLStreamToRelationOp  - Adding element [<S7> <p> <O7> .] to Window [6000,8000)
[main] DEBUG org.streamreasoning.rsp4j.api.operators.s2r.execution.assigner.ObservableStreamToRelationOp  - Report [4000,6000) with Content [<S5> <p> <O5> ., <S6> <p> <O6> .]
[main] DEBUG org.streamreasoning.rsp4j.yasper.querying.operators.windowing.CSPARQLStreamToRelationOp  - Evicting [4000,6000)
[main] DEBUG org.streamreasoning.rsp4j.api.engine.config.EngineConfiguration  - FileName set to /Users/rictomm/_Projects/rsp4j/yasper/target/classes/csparql.properties
[main] DEBUG org.apache.commons.configuration.ConfigurationUtils  - ConfigurationUtils.locate(): base is null, name is /Users/rictomm/_Projects/rsp4j/yasper/target/classes/csparql.properties
[main] DEBUG org.apache.commons.configuration.DefaultFileSystem  - Could not locate file /Users/rictomm/_Projects/rsp4j/yasper/target/classes/csparql.properties at null: no protocol: /Users/rictomm/_Projects/rsp4j/yasper/target/classes/csparql.properties
[main] DEBUG org.apache.commons.configuration.ConfigurationUtils  - Loading configuration from the absolute path /Users/rictomm/_Projects/rsp4j/yasper/target/classes/csparql.properties
[main] DEBUG org.streamreasoning.rsp4j.api.engine.config.EngineConfiguration  - Base path set to file:///Users/rictomm/_Projects/rsp4j/yasper/target/classes/csparql.properties
[main] DEBUG org.streamreasoning.rsp4j.yasper.querying.operators.windowing.CSPARQLStreamToRelationOp  - Received element (<S1> <p> <O1> .,1000)
[main] DEBUG org.streamreasoning.rsp4j.yasper.querying.operators.windowing.CSPARQLStreamToRelationOp  - Calculating the Windows to Open. First one opens at [0] and closes at [2000]
[main] DEBUG org.streamreasoning.rsp4j.yasper.querying.operators.windowing.CSPARQLStreamToRelationOp  - Computing Window [0,2000) if absent
[main] DEBUG org.streamreasoning.rsp4j.yasper.querying.operators.windowing.CSPARQLStreamToRelationOp  - Processing Window [0,2000) for element (<S1> <p> <O1> .,1000)
[main] DEBUG org.streamreasoning.rsp4j.yasper.querying.operators.windowing.CSPARQLStreamToRelationOp  - Adding element [<S1> <p> <O1> .] to Window [0,2000)
[main] DEBUG org.streamreasoning.rsp4j.yasper.querying.operators.windowing.CSPARQLStreamToRelationOp  - Received element (<S2> <p> <O2> .,1500)
[main] DEBUG org.streamreasoning.rsp4j.yasper.querying.operators.windowing.CSPARQLStreamToRelationOp  - Calculating the Windows to Open. First one opens at [0] and closes at [2000]
[main] DEBUG org.streamreasoning.rsp4j.yasper.querying.operators.windowing.CSPARQLStreamToRelationOp  - Computing Window [0,2000) if absent
[main] DEBUG org.streamreasoning.rsp4j.yasper.querying.operators.windowing.CSPARQLStreamToRelationOp  - Processing Window [0,2000) for element (<S2> <p> <O2> .,1500)
[main] DEBUG org.streamreasoning.rsp4j.yasper.querying.operators.windowing.CSPARQLStreamToRelationOp  - Adding element [<S2> <p> <O2> .] to Window [0,2000)
[main] DEBUG org.streamreasoning.rsp4j.yasper.querying.operators.windowing.CSPARQLStreamToRelationOp  - Received element (<S2> <p> <O2> .,2001)
[main] DEBUG org.streamreasoning.rsp4j.yasper.querying.operators.windowing.CSPARQLStreamToRelationOp  - Calculating the Windows to Open. First one opens at [2000] and closes at [4000]
[main] DEBUG org.streamreasoning.rsp4j.yasper.querying.operators.windowing.CSPARQLStreamToRelationOp  - Computing Window [2000,4000) if absent
[main] DEBUG org.streamreasoning.rsp4j.yasper.querying.operators.windowing.CSPARQLStreamToRelationOp  - Processing Window [0,2000) for element (<S2> <p> <O2> .,2001)
[main] DEBUG org.streamreasoning.rsp4j.yasper.querying.operators.windowing.CSPARQLStreamToRelationOp  - Scheduling for Eviction [0,2000)
[main] DEBUG org.streamreasoning.rsp4j.yasper.querying.operators.windowing.CSPARQLStreamToRelationOp  - Processing Window [2000,4000) for element (<S2> <p> <O2> .,2001)
[main] DEBUG org.streamreasoning.rsp4j.yasper.querying.operators.windowing.CSPARQLStreamToRelationOp  - Adding element [<S2> <p> <O2> .] to Window [2000,4000)
[main] DEBUG org.streamreasoning.rsp4j.api.operators.s2r.execution.assigner.ObservableStreamToRelationOp  - Report [0,2000) with Content [<S2> <p> <O2> ., <S1> <p> <O1> .]
[main] DEBUG org.streamreasoning.rsp4j.api.engine.config.EngineConfiguration  - FileName set to /Users/rictomm/_Projects/rsp4j/yasper/target/classes/csparql.properties
[main] DEBUG org.apache.commons.configuration.ConfigurationUtils  - ConfigurationUtils.locate(): base is null, name is /Users/rictomm/_Projects/rsp4j/yasper/target/classes/csparql.properties
[main] DEBUG org.apache.commons.configuration.DefaultFileSystem  - Could not locate file /Users/rictomm/_Projects/rsp4j/yasper/target/classes/csparql.properties at null: no protocol: /Users/rictomm/_Projects/rsp4j/yasper/target/classes/csparql.properties
[main] DEBUG org.apache.commons.configuration.ConfigurationUtils  - Loading configuration from the absolute path /Users/rictomm/_Projects/rsp4j/yasper/target/classes/csparql.properties
[main] DEBUG org.streamreasoning.rsp4j.api.engine.config.EngineConfiguration  - Base path set to file:///Users/rictomm/_Projects/rsp4j/yasper/target/classes/csparql.properties
[main] DEBUG org.streamreasoning.rsp4j.yasper.querying.operators.windowing.CSPARQLStreamToRelationOp  - Received element (<S1> <p> <O1> .,1000)
[main] DEBUG org.streamreasoning.rsp4j.yasper.querying.operators.windowing.CSPARQLStreamToRelationOp  - Calculating the Windows to Open. First one opens at [0] and closes at [2000]
[main] DEBUG org.streamreasoning.rsp4j.yasper.querying.operators.windowing.CSPARQLStreamToRelationOp  - Computing Window [0,2000) if absent
[main] DEBUG org.streamreasoning.rsp4j.yasper.querying.operators.windowing.CSPARQLStreamToRelationOp  - Processing Window [0,2000) for element (<S1> <p> <O1> .,1000)
[main] DEBUG org.streamreasoning.rsp4j.yasper.querying.operators.windowing.CSPARQLStreamToRelationOp  - Adding element [<S1> <p> <O1> .] to Window [0,2000)
[main] DEBUG org.streamreasoning.rsp4j.yasper.querying.operators.windowing.CSPARQLStreamToRelationOp  - Received element (<S2> <p> <O2> .,1999)
[main] DEBUG org.streamreasoning.rsp4j.yasper.querying.operators.windowing.CSPARQLStreamToRelationOp  - Calculating the Windows to Open. First one opens at [0] and closes at [2000]
[main] DEBUG org.streamreasoning.rsp4j.yasper.querying.operators.windowing.CSPARQLStreamToRelationOp  - Computing Window [0,2000) if absent
[main] DEBUG org.streamreasoning.rsp4j.yasper.querying.operators.windowing.CSPARQLStreamToRelationOp  - Processing Window [0,2000) for element (<S2> <p> <O2> .,1999)
[main] DEBUG org.streamreasoning.rsp4j.yasper.querying.operators.windowing.CSPARQLStreamToRelationOp  - Adding element [<S2> <p> <O2> .] to Window [0,2000)
[main] DEBUG org.streamreasoning.rsp4j.yasper.querying.operators.windowing.CSPARQLStreamToRelationOp  - Received element (<S3> <p> <O3> .,2001)
[main] DEBUG org.streamreasoning.rsp4j.yasper.querying.operators.windowing.CSPARQLStreamToRelationOp  - Calculating the Windows to Open. First one opens at [2000] and closes at [4000]
[main] DEBUG org.streamreasoning.rsp4j.yasper.querying.operators.windowing.CSPARQLStreamToRelationOp  - Computing Window [2000,4000) if absent
[main] DEBUG org.streamreasoning.rsp4j.yasper.querying.operators.windowing.CSPARQLStreamToRelationOp  - Processing Window [0,2000) for element (<S3> <p> <O3> .,2001)
[main] DEBUG org.streamreasoning.rsp4j.yasper.querying.operators.windowing.CSPARQLStreamToRelationOp  - Scheduling for Eviction [0,2000)
[main] DEBUG org.streamreasoning.rsp4j.yasper.querying.operators.windowing.CSPARQLStreamToRelationOp  - Processing Window [2000,4000) for element (<S3> <p> <O3> .,2001)
[main] DEBUG org.streamreasoning.rsp4j.yasper.querying.operators.windowing.CSPARQLStreamToRelationOp  - Adding element [<S3> <p> <O3> .] to Window [2000,4000)
[main] DEBUG org.streamreasoning.rsp4j.api.operators.s2r.execution.assigner.ObservableStreamToRelationOp  - Report [0,2000) with Content [<S2> <p> <O2> ., <S1> <p> <O1> .]
[main] DEBUG org.streamreasoning.rsp4j.yasper.querying.operators.windowing.CSPARQLStreamToRelationOp  - Evicting [0,2000)
[main] DEBUG org.streamreasoning.rsp4j.yasper.querying.operators.windowing.CSPARQLStreamToRelationOp  - Received element (<S4> <p> <O4> .,3000)
[main] DEBUG org.streamreasoning.rsp4j.yasper.querying.operators.windowing.CSPARQLStreamToRelationOp  - Calculating the Windows to Open. First one opens at [2000] and closes at [4000]
[main] DEBUG org.streamreasoning.rsp4j.yasper.querying.operators.windowing.CSPARQLStreamToRelationOp  - Computing Window [2000,4000) if absent
[main] DEBUG org.streamreasoning.rsp4j.yasper.querying.operators.windowing.CSPARQLStreamToRelationOp  - Processing Window [2000,4000) for element (<S4> <p> <O4> .,3000)
[main] DEBUG org.streamreasoning.rsp4j.yasper.querying.operators.windowing.CSPARQLStreamToRelationOp  - Adding element [<S4> <p> <O4> .] to Window [2000,4000)
[main] DEBUG org.streamreasoning.rsp4j.yasper.querying.operators.windowing.CSPARQLStreamToRelationOp  - Received element (<S5> <p> <O5> .,5000)
[main] DEBUG org.streamreasoning.rsp4j.yasper.querying.operators.windowing.CSPARQLStreamToRelationOp  - Calculating the Windows to Open. First one opens at [4000] and closes at [6000]
[main] DEBUG org.streamreasoning.rsp4j.yasper.querying.operators.windowing.CSPARQLStreamToRelationOp  - Computing Window [4000,6000) if absent
[main] DEBUG org.streamreasoning.rsp4j.yasper.querying.operators.windowing.CSPARQLStreamToRelationOp  - Processing Window [2000,4000) for element (<S5> <p> <O5> .,5000)
[main] DEBUG org.streamreasoning.rsp4j.yasper.querying.operators.windowing.CSPARQLStreamToRelationOp  - Scheduling for Eviction [2000,4000)
[main] DEBUG org.streamreasoning.rsp4j.yasper.querying.operators.windowing.CSPARQLStreamToRelationOp  - Processing Window [4000,6000) for element (<S5> <p> <O5> .,5000)
[main] DEBUG org.streamreasoning.rsp4j.yasper.querying.operators.windowing.CSPARQLStreamToRelationOp  - Adding element [<S5> <p> <O5> .] to Window [4000,6000)
[main] DEBUG org.streamreasoning.rsp4j.api.operators.s2r.execution.assigner.ObservableStreamToRelationOp  - Report [2000,4000) with Content [<S3> <p> <O3> ., <S4> <p> <O4> .]
[main] DEBUG org.streamreasoning.rsp4j.yasper.querying.operators.windowing.CSPARQLStreamToRelationOp  - Evicting [2000,4000)
[main] DEBUG org.streamreasoning.rsp4j.yasper.querying.operators.windowing.CSPARQLStreamToRelationOp  - Received element (<S6> <p> <O6> .,5000)
[main] DEBUG org.streamreasoning.rsp4j.yasper.querying.operators.windowing.CSPARQLStreamToRelationOp  - Calculating the Windows to Open. First one opens at [4000] and closes at [6000]
[main] DEBUG org.streamreasoning.rsp4j.yasper.querying.operators.windowing.CSPARQLStreamToRelationOp  - Computing Window [4000,6000) if absent
[main] DEBUG org.streamreasoning.rsp4j.yasper.querying.operators.windowing.CSPARQLStreamToRelationOp  - Processing Window [4000,6000) for element (<S6> <p> <O6> .,5000)
[main] DEBUG org.streamreasoning.rsp4j.yasper.querying.operators.windowing.CSPARQLStreamToRelationOp  - Adding element [<S6> <p> <O6> .] to Window [4000,6000)
[main] DEBUG org.streamreasoning.rsp4j.yasper.querying.operators.windowing.CSPARQLStreamToRelationOp  - Received element (<S6> <p> <O6> .,6000)
[main] DEBUG org.streamreasoning.rsp4j.yasper.querying.operators.windowing.CSPARQLStreamToRelationOp  - Calculating the Windows to Open. First one opens at [4000] and closes at [6000]
[main] DEBUG org.streamreasoning.rsp4j.yasper.querying.operators.windowing.CSPARQLStreamToRelationOp  - Computing Window [4000,6000) if absent
[main] DEBUG org.streamreasoning.rsp4j.yasper.querying.operators.windowing.CSPARQLStreamToRelationOp  - Computing Window [6000,8000) if absent
[main] DEBUG org.streamreasoning.rsp4j.yasper.querying.operators.windowing.CSPARQLStreamToRelationOp  - Processing Window [4000,6000) for element (<S6> <p> <O6> .,6000)
[main] DEBUG org.streamreasoning.rsp4j.yasper.querying.operators.windowing.CSPARQLStreamToRelationOp  - Processing Window [6000,8000) for element (<S6> <p> <O6> .,6000)
[main] DEBUG org.streamreasoning.rsp4j.yasper.querying.operators.windowing.CSPARQLStreamToRelationOp  - Adding element [<S6> <p> <O6> .] to Window [6000,8000)
[main] DEBUG org.streamreasoning.rsp4j.yasper.querying.operators.windowing.CSPARQLStreamToRelationOp  - Received element (<S7> <p> <O7> .,7000)
[main] DEBUG org.streamreasoning.rsp4j.yasper.querying.operators.windowing.CSPARQLStreamToRelationOp  - Calculating the Windows to Open. First one opens at [6000] and closes at [8000]
[main] DEBUG org.streamreasoning.rsp4j.yasper.querying.operators.windowing.CSPARQLStreamToRelationOp  - Computing Window [6000,8000) if absent
[main] DEBUG org.streamreasoning.rsp4j.yasper.querying.operators.windowing.CSPARQLStreamToRelationOp  - Processing Window [4000,6000) for element (<S7> <p> <O7> .,7000)
[main] DEBUG org.streamreasoning.rsp4j.yasper.querying.operators.windowing.CSPARQLStreamToRelationOp  - Scheduling for Eviction [4000,6000)
[main] DEBUG org.streamreasoning.rsp4j.yasper.querying.operators.windowing.CSPARQLStreamToRelationOp  - Processing Window [6000,8000) for element (<S7> <p> <O7> .,7000)
[main] DEBUG org.streamreasoning.rsp4j.yasper.querying.operators.windowing.CSPARQLStreamToRelationOp  - Adding element [<S7> <p> <O7> .] to Window [6000,8000)
[main] DEBUG org.streamreasoning.rsp4j.api.operators.s2r.execution.assigner.ObservableStreamToRelationOp  - Report [4000,6000) with Content [<S6> <p> <O6> ., <S5> <p> <O5> .]
[main] DEBUG org.streamreasoning.rsp4j.yasper.querying.operators.windowing.CSPARQLStreamToRelationOp  - Evicting [4000,6000)
[main] DEBUG org.streamreasoning.rsp4j.yasper.querying.operators.windowing.CSPARQLStreamToRelationOp  - Evicting [0,2000)
[main] DEBUG org.streamreasoning.rsp4j.yasper.querying.operators.windowing.CSPARQLStreamToRelationOp  - Received element (<S3> <p> <O3> .,3000)
[main] DEBUG org.streamreasoning.rsp4j.yasper.querying.operators.windowing.CSPARQLStreamToRelationOp  - Calculating the Windows to Open. First one opens at [2000] and closes at [4000]
[main] DEBUG org.streamreasoning.rsp4j.yasper.querying.operators.windowing.CSPARQLStreamToRelationOp  - Computing Window [2000,4000) if absent
[main] DEBUG org.streamreasoning.rsp4j.yasper.querying.operators.windowing.CSPARQLStreamToRelationOp  - Processing Window [2000,4000) for element (<S3> <p> <O3> .,3000)
[main] DEBUG org.streamreasoning.rsp4j.yasper.querying.operators.windowing.CSPARQLStreamToRelationOp  - Adding element [<S3> <p> <O3> .] to Window [2000,4000)
[main] DEBUG org.streamreasoning.rsp4j.yasper.querying.operators.windowing.CSPARQLStreamToRelationOp  - Received element (<S5> <p> <O5> .,5000)
[main] DEBUG org.streamreasoning.rsp4j.yasper.querying.operators.windowing.CSPARQLStreamToRelationOp  - Calculating the Windows to Open. First one opens at [4000] and closes at [6000]
[main] DEBUG org.streamreasoning.rsp4j.yasper.querying.operators.windowing.CSPARQLStreamToRelationOp  - Computing Window [4000,6000) if absent
[main] DEBUG org.streamreasoning.rsp4j.yasper.querying.operators.windowing.CSPARQLStreamToRelationOp  - Processing Window [2000,4000) for element (<S5> <p> <O5> .,5000)
[main] DEBUG org.streamreasoning.rsp4j.yasper.querying.operators.windowing.CSPARQLStreamToRelationOp  - Scheduling for Eviction [2000,4000)
[main] DEBUG org.streamreasoning.rsp4j.yasper.querying.operators.windowing.CSPARQLStreamToRelationOp  - Processing Window [4000,6000) for element (<S5> <p> <O5> .,5000)
[main] DEBUG org.streamreasoning.rsp4j.yasper.querying.operators.windowing.CSPARQLStreamToRelationOp  - Adding element [<S5> <p> <O5> .] to Window [4000,6000)
[main] DEBUG org.streamreasoning.rsp4j.api.operators.s2r.execution.assigner.ObservableStreamToRelationOp  - Report [2000,4000) with Content [<S2> <p> <O2> ., <S3> <p> <O3> .]
[main] DEBUG org.streamreasoning.rsp4j.yasper.querying.operators.windowing.CSPARQLStreamToRelationOp  - Evicting [2000,4000)
[main] DEBUG org.streamreasoning.rsp4j.yasper.querying.operators.windowing.CSPARQLStreamToRelationOp  - Received element (<S6> <p> <O6> .,5000)
[main] DEBUG org.streamreasoning.rsp4j.yasper.querying.operators.windowing.CSPARQLStreamToRelationOp  - Calculating the Windows to Open. First one opens at [4000] and closes at [6000]
[main] DEBUG org.streamreasoning.rsp4j.yasper.querying.operators.windowing.CSPARQLStreamToRelationOp  - Computing Window [4000,6000) if absent
[main] DEBUG org.streamreasoning.rsp4j.yasper.querying.operators.windowing.CSPARQLStreamToRelationOp  - Processing Window [4000,6000) for element (<S6> <p> <O6> .,5000)
[main] DEBUG org.streamreasoning.rsp4j.yasper.querying.operators.windowing.CSPARQLStreamToRelationOp  - Adding element [<S6> <p> <O6> .] to Window [4000,6000)
[main] DEBUG org.streamreasoning.rsp4j.yasper.querying.operators.windowing.CSPARQLStreamToRelationOp  - Received element (<S6> <p> <O6> .,6000)
[main] DEBUG org.streamreasoning.rsp4j.yasper.querying.operators.windowing.CSPARQLStreamToRelationOp  - Calculating the Windows to Open. First one opens at [4000] and closes at [6000]
[main] DEBUG org.streamreasoning.rsp4j.yasper.querying.operators.windowing.CSPARQLStreamToRelationOp  - Computing Window [4000,6000) if absent
[main] DEBUG org.streamreasoning.rsp4j.yasper.querying.operators.windowing.CSPARQLStreamToRelationOp  - Computing Window [6000,8000) if absent
[main] DEBUG org.streamreasoning.rsp4j.yasper.querying.operators.windowing.CSPARQLStreamToRelationOp  - Processing Window [4000,6000) for element (<S6> <p> <O6> .,6000)
[main] DEBUG org.streamreasoning.rsp4j.yasper.querying.operators.windowing.CSPARQLStreamToRelationOp  - Processing Window [6000,8000) for element (<S6> <p> <O6> .,6000)
[main] DEBUG org.streamreasoning.rsp4j.yasper.querying.operators.windowing.CSPARQLStreamToRelationOp  - Adding element [<S6> <p> <O6> .] to Window [6000,8000)
[main] DEBUG org.streamreasoning.rsp4j.yasper.querying.operators.windowing.CSPARQLStreamToRelationOp  - Received element (<S7> <p> <O7> .,7000)
[main] DEBUG org.streamreasoning.rsp4j.yasper.querying.operators.windowing.CSPARQLStreamToRelationOp  - Calculating the Windows to Open. First one opens at [6000] and closes at [8000]
[main] DEBUG org.streamreasoning.rsp4j.yasper.querying.operators.windowing.CSPARQLStreamToRelationOp  - Computing Window [6000,8000) if absent
[main] DEBUG org.streamreasoning.rsp4j.yasper.querying.operators.windowing.CSPARQLStreamToRelationOp  - Processing Window [4000,6000) for element (<S7> <p> <O7> .,7000)
[main] DEBUG org.streamreasoning.rsp4j.yasper.querying.operators.windowing.CSPARQLStreamToRelationOp  - Scheduling for Eviction [4000,6000)
[main] DEBUG org.streamreasoning.rsp4j.yasper.querying.operators.windowing.CSPARQLStreamToRelationOp  - Processing Window [6000,8000) for element (<S7> <p> <O7> .,7000)
[main] DEBUG org.streamreasoning.rsp4j.yasper.querying.operators.windowing.CSPARQLStreamToRelationOp  - Adding element [<S7> <p> <O7> .] to Window [6000,8000)
[main] DEBUG org.streamreasoning.rsp4j.api.operators.s2r.execution.assigner.ObservableStreamToRelationOp  - Report [4000,6000) with Content [<S6> <p> <O6> ., <S5> <p> <O5> .]
[main] DEBUG org.streamreasoning.rsp4j.yasper.querying.operators.windowing.CSPARQLStreamToRelationOp  - Evicting [4000,6000)
[main] ERROR org.streamreasoning.rsp4j.yasper.querying.operators.windowing.CQELSStreamToRelationOp  - OUT OF ORDER NOT HANDLED
[main] ERROR org.streamreasoning.rsp4j.yasper.querying.operators.windowing.CQELSStreamToRelationOp  - OUT OF ORDER NOT HANDLED
[main] ERROR org.streamreasoning.rsp4j.yasper.querying.operators.windowing.CQELSStreamToRelationOp  - OUT OF ORDER NOT HANDLED
[main] ERROR org.streamreasoning.rsp4j.yasper.querying.operators.windowing.CQELSStreamToRelationOp  - OUT OF ORDER NOT HANDLED
[main] ERROR org.streamreasoning.rsp4j.yasper.querying.operators.windowing.CQELSStreamToRelationOp  - OUT OF ORDER NOT HANDLED
[main] ERROR org.streamreasoning.rsp4j.yasper.querying.operators.windowing.CQELSStreamToRelationOp  - OUT OF ORDER NOT HANDLED
