[main] WARN  com.espertech.esper.event.bean.BeanEventType  - .initialize Unable to obtain CGLib fast class and/or method implementation for class eu.larkc.csparql.cep.api.RdfQuadruple, error msg is null
java.lang.ExceptionInInitializerError
	at net.sf.cglib.reflect.FastClassEmitter.<init>(FastClassEmitter.java:67)
	at net.sf.cglib.reflect.FastClass$Generator.generateClass(FastClass.java:72)
	at net.sf.cglib.core.DefaultGeneratorStrategy.generate(DefaultGeneratorStrategy.java:25)
	at net.sf.cglib.core.AbstractClassGenerator.create(AbstractClassGenerator.java:216)
	at net.sf.cglib.reflect.FastClass$Generator.create(FastClass.java:64)
	at net.sf.cglib.reflect.FastClass.create(FastClass.java:46)
	at com.espertech.esper.event.bean.BeanEventType.initialize(BeanEventType.java:338)
	at com.espertech.esper.event.bean.BeanEventType.<init>(BeanEventType.java:86)
	at com.espertech.esper.event.bean.BeanEventAdapter.createBeanType(BeanEventAdapter.java:127)
	at com.espertech.esper.event.EventAdapterServiceImpl.addBeanType(EventAdapterServiceImpl.java:332)
	at com.espertech.esper.core.ConfigurationOperationsImpl.addEventType(ConfigurationOperationsImpl.java:132)
	at eu.larkc.csparql.cep.esper.EsperEngine.registerStream(EsperEngine.java:102)
	at eu.larkc.csparql.core.engine.CsparqlEngineImpl.registerStream(CsparqlEngineImpl.java:238)
	at org.streamreasoning.rsp4j.csparql.CSPARQLEngineRSP4J.register(CSPARQLEngineRSP4J.java:41)
	at org.streamreasoning.rsp4j.csparql.TestCSPARQL.testRSP4JCSPARQLConstruct(TestCSPARQL.java:99)
	at java.base/jdk.internal.reflect.NativeMethodAccessorImpl.invoke0(Native Method)
	at java.base/jdk.internal.reflect.NativeMethodAccessorImpl.invoke(NativeMethodAccessorImpl.java:78)
	at java.base/jdk.internal.reflect.DelegatingMethodAccessorImpl.invoke(DelegatingMethodAccessorImpl.java:43)
	at java.base/java.lang.reflect.Method.invoke(Method.java:567)
	at org.junit.runners.model.FrameworkMethod$1.runReflectiveCall(FrameworkMethod.java:50)
	at org.junit.internal.runners.model.ReflectiveCallable.run(ReflectiveCallable.java:12)
	at org.junit.runners.model.FrameworkMethod.invokeExplosively(FrameworkMethod.java:47)
	at org.junit.internal.runners.statements.InvokeMethod.evaluate(InvokeMethod.java:17)
	at org.junit.runners.ParentRunner.runLeaf(ParentRunner.java:325)
	at org.junit.runners.BlockJUnit4ClassRunner.runChild(BlockJUnit4ClassRunner.java:78)
	at org.junit.runners.BlockJUnit4ClassRunner.runChild(BlockJUnit4ClassRunner.java:57)
	at org.junit.runners.ParentRunner$3.run(ParentRunner.java:290)
	at org.junit.runners.ParentRunner$1.schedule(ParentRunner.java:71)
	at org.junit.runners.ParentRunner.runChildren(ParentRunner.java:288)
	at org.junit.runners.ParentRunner.access$000(ParentRunner.java:58)
	at org.junit.runners.ParentRunner$2.evaluate(ParentRunner.java:268)
	at org.junit.runners.ParentRunner.run(ParentRunner.java:363)
	at org.apache.maven.surefire.junit4.JUnit4Provider.execute(JUnit4Provider.java:252)
	at org.apache.maven.surefire.junit4.JUnit4Provider.executeTestSet(JUnit4Provider.java:141)
	at org.apache.maven.surefire.junit4.JUnit4Provider.invoke(JUnit4Provider.java:112)
	at java.base/jdk.internal.reflect.NativeMethodAccessorImpl.invoke0(Native Method)
	at java.base/jdk.internal.reflect.NativeMethodAccessorImpl.invoke(NativeMethodAccessorImpl.java:78)
	at java.base/jdk.internal.reflect.DelegatingMethodAccessorImpl.invoke(DelegatingMethodAccessorImpl.java:43)
	at java.base/java.lang.reflect.Method.invoke(Method.java:567)
	at org.apache.maven.surefire.util.ReflectionUtils.invokeMethodWithArray(ReflectionUtils.java:189)
	at org.apache.maven.surefire.booter.ProviderFactory$ProviderProxy.invoke(ProviderFactory.java:165)
	at org.apache.maven.surefire.booter.ProviderFactory.invokeProvider(ProviderFactory.java:85)
	at org.apache.maven.surefire.booter.ForkedBooter.runSuitesInProcess(ForkedBooter.java:115)
	at org.apache.maven.surefire.booter.ForkedBooter.main(ForkedBooter.java:75)
Caused by: java.lang.reflect.InaccessibleObjectException: Unable to make protected final java.lang.Class java.lang.ClassLoader.defineClass(java.lang.String,byte[],int,int,java.security.ProtectionDomain) throws java.lang.ClassFormatError accessible: module java.base does not "opens java.lang" to unnamed module @40f9161a
	at java.base/java.lang.reflect.AccessibleObject.checkCanSetAccessible(AccessibleObject.java:357)
	at java.base/java.lang.reflect.AccessibleObject.checkCanSetAccessible(AccessibleObject.java:297)
	at java.base/java.lang.reflect.Method.checkCanSetAccessible(Method.java:199)
	at java.base/java.lang.reflect.Method.setAccessible(Method.java:193)
	at net.sf.cglib.core.ReflectUtils$2.run(ReflectUtils.java:56)
	at java.base/java.security.AccessController.doPrivileged(AccessController.java:312)
	at net.sf.cglib.core.ReflectUtils.<clinit>(ReflectUtils.java:46)
	... 44 more
[main] WARN  com.espertech.esper.event.bean.BeanEventType  - .initialize Unable to obtain CGLib fast class and/or method implementation for class eu.larkc.csparql.cep.api.RdfQuadruple, error msg is Could not initialize class net.sf.cglib.core.ReflectUtils
java.lang.NoClassDefFoundError: Could not initialize class net.sf.cglib.core.ReflectUtils
	at net.sf.cglib.reflect.FastClassEmitter.<init>(FastClassEmitter.java:67)
	at net.sf.cglib.reflect.FastClass$Generator.generateClass(FastClass.java:72)
	at net.sf.cglib.core.DefaultGeneratorStrategy.generate(DefaultGeneratorStrategy.java:25)
	at net.sf.cglib.core.AbstractClassGenerator.create(AbstractClassGenerator.java:216)
	at net.sf.cglib.reflect.FastClass$Generator.create(FastClass.java:64)
	at net.sf.cglib.reflect.FastClass.create(FastClass.java:46)
	at com.espertech.esper.event.bean.BeanEventType.initialize(BeanEventType.java:338)
	at com.espertech.esper.event.bean.BeanEventType.<init>(BeanEventType.java:86)
	at com.espertech.esper.event.bean.BeanEventAdapter.createBeanType(BeanEventAdapter.java:127)
	at com.espertech.esper.event.EventAdapterServiceImpl.addBeanType(EventAdapterServiceImpl.java:332)
	at com.espertech.esper.core.ConfigurationOperationsImpl.addEventType(ConfigurationOperationsImpl.java:132)
	at eu.larkc.csparql.cep.esper.EsperEngine.registerStream(EsperEngine.java:102)
	at eu.larkc.csparql.core.engine.CsparqlEngineImpl.registerStream(CsparqlEngineImpl.java:238)
	at org.streamreasoning.rsp4j.csparql.CSPARQLEngineRSP4J.register(CSPARQLEngineRSP4J.java:41)
	at org.streamreasoning.rsp4j.csparql.TestCSPARQL.testRSP4JCSPARQLSelect(TestCSPARQL.java:66)
	at java.base/jdk.internal.reflect.NativeMethodAccessorImpl.invoke0(Native Method)
	at java.base/jdk.internal.reflect.NativeMethodAccessorImpl.invoke(NativeMethodAccessorImpl.java:78)
	at java.base/jdk.internal.reflect.DelegatingMethodAccessorImpl.invoke(DelegatingMethodAccessorImpl.java:43)
	at java.base/java.lang.reflect.Method.invoke(Method.java:567)
	at org.junit.runners.model.FrameworkMethod$1.runReflectiveCall(FrameworkMethod.java:50)
	at org.junit.internal.runners.model.ReflectiveCallable.run(ReflectiveCallable.java:12)
	at org.junit.runners.model.FrameworkMethod.invokeExplosively(FrameworkMethod.java:47)
	at org.junit.internal.runners.statements.InvokeMethod.evaluate(InvokeMethod.java:17)
	at org.junit.runners.ParentRunner.runLeaf(ParentRunner.java:325)
	at org.junit.runners.BlockJUnit4ClassRunner.runChild(BlockJUnit4ClassRunner.java:78)
	at org.junit.runners.BlockJUnit4ClassRunner.runChild(BlockJUnit4ClassRunner.java:57)
	at org.junit.runners.ParentRunner$3.run(ParentRunner.java:290)
	at org.junit.runners.ParentRunner$1.schedule(ParentRunner.java:71)
	at org.junit.runners.ParentRunner.runChildren(ParentRunner.java:288)
	at org.junit.runners.ParentRunner.access$000(ParentRunner.java:58)
	at org.junit.runners.ParentRunner$2.evaluate(ParentRunner.java:268)
	at org.junit.runners.ParentRunner.run(ParentRunner.java:363)
	at org.apache.maven.surefire.junit4.JUnit4Provider.execute(JUnit4Provider.java:252)
	at org.apache.maven.surefire.junit4.JUnit4Provider.executeTestSet(JUnit4Provider.java:141)
	at org.apache.maven.surefire.junit4.JUnit4Provider.invoke(JUnit4Provider.java:112)
	at java.base/jdk.internal.reflect.NativeMethodAccessorImpl.invoke0(Native Method)
	at java.base/jdk.internal.reflect.NativeMethodAccessorImpl.invoke(NativeMethodAccessorImpl.java:78)
	at java.base/jdk.internal.reflect.DelegatingMethodAccessorImpl.invoke(DelegatingMethodAccessorImpl.java:43)
	at java.base/java.lang.reflect.Method.invoke(Method.java:567)
	at org.apache.maven.surefire.util.ReflectionUtils.invokeMethodWithArray(ReflectionUtils.java:189)
	at org.apache.maven.surefire.booter.ProviderFactory$ProviderProxy.invoke(ProviderFactory.java:165)
	at org.apache.maven.surefire.booter.ProviderFactory.invokeProvider(ProviderFactory.java:85)
	at org.apache.maven.surefire.booter.ForkedBooter.runSuitesInProcess(ForkedBooter.java:115)
	at org.apache.maven.surefire.booter.ForkedBooter.main(ForkedBooter.java:75)
